/*C4*/SET SCHEMA PUBLIC
DISCONNECT
/*C5*/SET SCHEMA PUBLIC
INSERT INTO CAREER VALUES('4028b88193995740019399584c380000','Dra. Vania Herrera','Licenciatura en Medicina y Cirug\u00eda')
COMMIT
INSERT INTO CAREER VALUES('4028b88193995740019399594e540001','MSc. Carolina Pineda','Licenciatura en Marketing y Publicidad')
COMMIT
INSERT INTO CAREER VALUES('4028b881939957400193995bdf600002','Bachelor in Global Finance','MSc. Grethel Collins')
COMMIT
INSERT INTO CAREER VALUES('4028b881939957400193995d5dde0003','MSc. Alicia Cortez','Licenciatura en Derecho')
COMMIT
INSERT INTO FACULTY VALUES('4028b881939957400193995e2be40004','FCM','Dra. Noelia Hern\u00e1ndez','Facultad de Ciencias M\u00e9dicas','4028b88193995740019399584c380000')
COMMIT
INSERT INTO FACULTY VALUES('4028b881939957400193995f39a90005','FCJHRI','MSc. Margine Calder\u00f3n','Facultad de Ciencias Jur\u00eddicas, Humanidades y RI','4028b881939957400193995d5dde0003')
COMMIT
DELETE FROM CAREER WHERE CAREER_OID='4028b881939957400193995bdf600002'
COMMIT
INSERT INTO CAREER VALUES('4028b8819399574001939963208f0006','MSc. Grethel Collins','Bachelor in Global Marketing')
COMMIT
INSERT INTO FACULTY VALUES('4028b8819399574001939963a1aa0007','UC','PhD. Norman Huerta','UAM College','4028b8819399574001939963208f0006')
COMMIT
INSERT INTO FACULTY VALUES('4028b8819399574001939964e7a20008','FMDCC','PhD. Pamela P\u00e9rez','Facultad de Marketing, Dise\u00f1o y Ciencias de Com.','4028b88193995740019399594e540001')
COMMIT
INSERT INTO REPORT VALUES('4028b88193995740019399679f720009','-','2024-12-05',5,'-','-','-',6,1,25,5,'-','Reporte I FMDCC',40,3,'2024','4028b8819399574001939964e7a20008')
COMMIT
DELETE FROM REPORT WHERE REPORT_OID='4028b88193995740019399679f720009'
COMMIT
INSERT INTO REPORT VALUES('4028b881939957400193996d95ca000a','-','2024-08-02',1,'-','-','-',5,1,25,3,'-','Reporte FMDCC I Semestre 2024',6,3,'2024','4028b8819399574001939964e7a20008')
COMMIT
INSERT INTO REPORT VALUES('4028b8819399574001939974d76d000b','-','2024-12-05',1,'--','-','-',12,8,23,24,'-','Reporte FIA II Semestre 2024',12,1,'2024','4028b8819398104f019398130bed0003')
COMMIT
